#! /usr/bin/vvp
:ivl_version "10.1 (stable)";
:ivl_delay_selection "TYPICAL";
:vpi_time_precision - 9;
:vpi_module "system";
:vpi_module "vhdl_sys";
:vpi_module "v2005_math";
:vpi_module "va_math";
S_0x55a707baae50 .scope module, "multiplicador_tb" "multiplicador_tb" 2 4;
 .timescale -9 -9;
P_0x55a707bab2d0 .param/l "PERIOD" 1 2 7, +C4<00000000000000000000000000001010>;
P_0x55a707bab310 .param/l "TAM" 0 2 6, +C4<00000000000000000000000000001000>;
v0x55a707bd2ba0_0 .var "A", 7 0;
v0x55a707bd2cb0_0 .var "B", 7 0;
v0x55a707bd2d80_0 .net "S", 15 0, v0x55a707bd2940_0;  1 drivers
v0x55a707bd2e80_0 .var "clk", 0 0;
E_0x55a707bac400 .event negedge, v0x55a707bd2a30_0;
S_0x55a707bab090 .scope module, "m1" "multiplicador" 2 22, 3 3 0, S_0x55a707baae50;
 .timescale 0 0;
    .port_info 0 /INPUT 1 "clk"
    .port_info 1 /INPUT 8 "A"
    .port_info 2 /INPUT 8 "B"
    .port_info 3 /OUTPUT 16 "S"
P_0x55a707bab600 .param/l "TAM" 0 3 4, +C4<00000000000000000000000000001000>;
v0x55a707b74b50_0 .net "A", 7 0, v0x55a707bd2ba0_0;  1 drivers
v0x55a707bd2860_0 .net "B", 7 0, v0x55a707bd2cb0_0;  1 drivers
v0x55a707bd2940_0 .var "S", 15 0;
v0x55a707bd2a30_0 .net "clk", 0 0, v0x55a707bd2e80_0;  1 drivers
E_0x55a707b758b0 .event posedge, v0x55a707bd2a30_0;
    .scope S_0x55a707bab090;
T_0 ;
    %wait E_0x55a707b758b0;
    %load/vec4 v0x55a707b74b50_0;
    %pad/u 16;
    %load/vec4 v0x55a707bd2860_0;
    %pad/u 16;
    %mul;
    %store/vec4 v0x55a707bd2940_0, 0, 16;
    %jmp T_0;
    .thread T_0;
    .scope S_0x55a707baae50;
T_1 ;
    %vpi_call 2 15 "$dumpfile", "test.vcd" {0 0 0};
    %vpi_call 2 16 "$dumpvars", 32'sb00000000000000000000000000000000, S_0x55a707baae50 {0 0 0};
    %vpi_call 2 17 "$display", "lol" {0 0 0};
    %delay 100, 0;
    %vpi_call 2 18 "$finish" {0 0 0};
    %end;
    .thread T_1;
    .scope S_0x55a707baae50;
T_2 ;
    %wait E_0x55a707bac400;
    %vpi_func 2 28 "$random" 32 {0 0 0};
    %pad/s 8;
    %store/vec4 v0x55a707bd2ba0_0, 0, 8;
    %vpi_func 2 29 "$random" 32 {0 0 0};
    %pad/s 8;
    %store/vec4 v0x55a707bd2cb0_0, 0, 8;
    %jmp T_2;
    .thread T_2;
    .scope S_0x55a707baae50;
T_3 ;
    %pushi/vec4 0, 0, 1;
    %store/vec4 v0x55a707bd2e80_0, 0, 1;
    %end;
    .thread T_3;
    .scope S_0x55a707baae50;
T_4 ;
    %delay 5, 0;
    %load/vec4 v0x55a707bd2e80_0;
    %inv;
    %store/vec4 v0x55a707bd2e80_0, 0, 1;
    %jmp T_4;
    .thread T_4;
    .scope S_0x55a707baae50;
T_5 ;
    %wait E_0x55a707b758b0;
    %delay 1, 0;
    %load/vec4 v0x55a707bd2d80_0;
    %load/vec4 v0x55a707bd2ba0_0;
    %pad/u 16;
    %load/vec4 v0x55a707bd2cb0_0;
    %pad/u 16;
    %mul;
    %cmp/e;
    %jmp/0xz  T_5.0, 4;
    %vpi_call 2 39 "$display", "\012Test passed" {0 0 0};
    %jmp T_5.1;
T_5.0 ;
    %vpi_call 2 41 "$display", "\012Error at time-", $time {0 0 0};
T_5.1 ;
    %jmp T_5;
    .thread T_5;
# The file index is used to find the file name in the following table.
:file_names 4;
    "N/A";
    "<interactive>";
    "multiplicador_tb.v";
    "multiplicador.v";
